[0112/190353.114:INFO:CONSOLE(21172)] "THREE.WebGLRenderer 92", source: file:///C:/Program%20Files/AnyLogic%208.8%20Personal%20Learning%20Edition/plugins/com.anylogic.graphics3d_8.8.6.202312140457/static/build/three.js (21172)
[0112/190353.790:INFO:CONSOLE(3660)] "THREE.ColladaLoader: File version 1.4.0", source: file:///C:/Program%20Files/AnyLogic%208.8%20Personal%20Learning%20Edition/plugins/com.anylogic.graphics3d_8.8.6.202312140457/static/libs/ColladaLoader.js (3660)
[0112/190353.800:INFO:CONSOLE(255)] "Loaded: file:C:/Users/ensar/Desktop/modelling/hairsalon/3d/reseption_2.dae", source: file:///C:/Program%20Files/AnyLogic%208.8%20Personal%20Learning%20Edition/plugins/com.anylogic.graphics3d_8.8.6.202312140457/static/init.js (255)
[0112/190353.800:INFO:CONSOLE(271)] "load end: file:C:/Users/ensar/Desktop/modelling/hairsalon/3d/reseption_2.dae", source: file:///C:/Program%20Files/AnyLogic%208.8%20Personal%20Learning%20Edition/plugins/com.anylogic.graphics3d_8.8.6.202312140457/static/init.js (271)
[0112/190353.888:INFO:CONSOLE(3660)] "THREE.ColladaLoader: File version 1.4.0", source: file:///C:/Program%20Files/AnyLogic%208.8%20Personal%20Learning%20Edition/plugins/com.anylogic.graphics3d_8.8.6.202312140457/static/libs/ColladaLoader.js (3660)
[0112/190353.892:INFO:CONSOLE(255)] "Loaded: file:C:/Users/ensar/Desktop/modelling/hairsalon/3d/chair.dae", source: file:///C:/Program%20Files/AnyLogic%208.8%20Personal%20Learning%20Edition/plugins/com.anylogic.graphics3d_8.8.6.202312140457/static/init.js (255)
[0112/190353.892:INFO:CONSOLE(271)] "load end: file:C:/Users/ensar/Desktop/modelling/hairsalon/3d/chair.dae", source: file:///C:/Program%20Files/AnyLogic%208.8%20Personal%20Learning%20Edition/plugins/com.anylogic.graphics3d_8.8.6.202312140457/static/init.js (271)
[0112/190353.912:INFO:CONSOLE(3660)] "THREE.ColladaLoader: File version 1.4.0", source: file:///C:/Program%20Files/AnyLogic%208.8%20Personal%20Learning%20Edition/plugins/com.anylogic.graphics3d_8.8.6.202312140457/static/libs/ColladaLoader.js (3660)
[0112/190353.919:INFO:CONSOLE(255)] "Loaded: file:C:/Users/ensar/Desktop/modelling/hairsalon/3d/officeworker.dae", source: file:///C:/Program%20Files/AnyLogic%208.8%20Personal%20Learning%20Edition/plugins/com.anylogic.graphics3d_8.8.6.202312140457/static/init.js (255)
[0112/190353.919:INFO:CONSOLE(271)] "load end: file:C:/Users/ensar/Desktop/modelling/hairsalon/3d/officeworker.dae", source: file:///C:/Program%20Files/AnyLogic%208.8%20Personal%20Learning%20Edition/plugins/com.anylogic.graphics3d_8.8.6.202312140457/static/init.js (271)
[0112/190353.940:INFO:CONSOLE(3660)] "THREE.ColladaLoader: File version 1.4.0", source: file:///C:/Program%20Files/AnyLogic%208.8%20Personal%20Learning%20Edition/plugins/com.anylogic.graphics3d_8.8.6.202312140457/static/libs/ColladaLoader.js (3660)
[0112/190353.941:INFO:CONSOLE(255)] "Loaded: file:C:/Users/ensar/Desktop/modelling/hairsalon/3d/keyboard.dae", source: file:///C:/Program%20Files/AnyLogic%208.8%20Personal%20Learning%20Edition/plugins/com.anylogic.graphics3d_8.8.6.202312140457/static/init.js (255)
[0112/190353.942:INFO:CONSOLE(271)] "load end: file:C:/Users/ensar/Desktop/modelling/hairsalon/3d/keyboard.dae", source: file:///C:/Program%20Files/AnyLogic%208.8%20Personal%20Learning%20Edition/plugins/com.anylogic.graphics3d_8.8.6.202312140457/static/init.js (271)
[0112/190353.962:INFO:CONSOLE(3660)] "THREE.ColladaLoader: File version 1.4.0", source: file:///C:/Program%20Files/AnyLogic%208.8%20Personal%20Learning%20Edition/plugins/com.anylogic.graphics3d_8.8.6.202312140457/static/libs/ColladaLoader.js (3660)
[0112/190353.963:INFO:CONSOLE(255)] "Loaded: file:C:/Users/ensar/Desktop/modelling/hairsalon/3d/phone.dae", source: file:///C:/Program%20Files/AnyLogic%208.8%20Personal%20Learning%20Edition/plugins/com.anylogic.graphics3d_8.8.6.202312140457/static/init.js (255)
[0112/190353.964:INFO:CONSOLE(271)] "load end: file:C:/Users/ensar/Desktop/modelling/hairsalon/3d/phone.dae", source: file:///C:/Program%20Files/AnyLogic%208.8%20Personal%20Learning%20Edition/plugins/com.anylogic.graphics3d_8.8.6.202312140457/static/init.js (271)
[0112/190353.984:INFO:CONSOLE(3660)] "THREE.ColladaLoader: File version 1.4.0", source: file:///C:/Program%20Files/AnyLogic%208.8%20Personal%20Learning%20Edition/plugins/com.anylogic.graphics3d_8.8.6.202312140457/static/libs/ColladaLoader.js (3660)
[0112/190353.986:INFO:CONSOLE(255)] "Loaded: file:C:/Users/ensar/Desktop/modelling/hairsalon/3d/computer_on.dae", source: file:///C:/Program%20Files/AnyLogic%208.8%20Personal%20Learning%20Edition/plugins/com.anylogic.graphics3d_8.8.6.202312140457/static/init.js (255)
[0112/190353.986:INFO:CONSOLE(271)] "load end: file:C:/Users/ensar/Desktop/modelling/hairsalon/3d/computer_on.dae", source: file:///C:/Program%20Files/AnyLogic%208.8%20Personal%20Learning%20Edition/plugins/com.anylogic.graphics3d_8.8.6.202312140457/static/init.js (271)
[0112/190354.008:INFO:CONSOLE(3660)] "THREE.ColladaLoader: File version 1.4.0", source: file:///C:/Program%20Files/AnyLogic%208.8%20Personal%20Learning%20Edition/plugins/com.anylogic.graphics3d_8.8.6.202312140457/static/libs/ColladaLoader.js (3660)
[0112/190354.010:INFO:CONSOLE(255)] "Loaded: file:C:/Users/ensar/Desktop/modelling/hairsalon/3d/couch_2.dae", source: file:///C:/Program%20Files/AnyLogic%208.8%20Personal%20Learning%20Edition/plugins/com.anylogic.graphics3d_8.8.6.202312140457/static/init.js (255)
[0112/190354.010:INFO:CONSOLE(271)] "load end: file:C:/Users/ensar/Desktop/modelling/hairsalon/3d/couch_2.dae", source: file:///C:/Program%20Files/AnyLogic%208.8%20Personal%20Learning%20Edition/plugins/com.anylogic.graphics3d_8.8.6.202312140457/static/init.js (271)
[0112/190354.031:INFO:CONSOLE(3660)] "THREE.ColladaLoader: File version 1.4.0", source: file:///C:/Program%20Files/AnyLogic%208.8%20Personal%20Learning%20Edition/plugins/com.anylogic.graphics3d_8.8.6.202312140457/static/libs/ColladaLoader.js (3660)
[0112/190354.033:INFO:CONSOLE(255)] "Loaded: file:C:/Users/ensar/Desktop/modelling/hairsalon/3d/couch_1.dae", source: file:///C:/Program%20Files/AnyLogic%208.8%20Personal%20Learning%20Edition/plugins/com.anylogic.graphics3d_8.8.6.202312140457/static/init.js (255)
[0112/190354.033:INFO:CONSOLE(271)] "load end: file:C:/Users/ensar/Desktop/modelling/hairsalon/3d/couch_1.dae", source: file:///C:/Program%20Files/AnyLogic%208.8%20Personal%20Learning%20Edition/plugins/com.anylogic.graphics3d_8.8.6.202312140457/static/init.js (271)
[0112/190354.056:INFO:CONSOLE(3660)] "THREE.ColladaLoader: File version 1.4.0", source: file:///C:/Program%20Files/AnyLogic%208.8%20Personal%20Learning%20Edition/plugins/com.anylogic.graphics3d_8.8.6.202312140457/static/libs/ColladaLoader.js (3660)
[0112/190354.060:INFO:CONSOLE(255)] "Loaded: file:C:/Users/ensar/Desktop/modelling/hairsalon/3d/table_2.dae", source: file:///C:/Program%20Files/AnyLogic%208.8%20Personal%20Learning%20Edition/plugins/com.anylogic.graphics3d_8.8.6.202312140457/static/init.js (255)
[0112/190354.060:INFO:CONSOLE(271)] "load end: file:C:/Users/ensar/Desktop/modelling/hairsalon/3d/table_2.dae", source: file:///C:/Program%20Files/AnyLogic%208.8%20Personal%20Learning%20Edition/plugins/com.anylogic.graphics3d_8.8.6.202312140457/static/init.js (271)
[0112/190354.088:INFO:CONSOLE(3660)] "THREE.ColladaLoader: File version 1.4.0", source: file:///C:/Program%20Files/AnyLogic%208.8%20Personal%20Learning%20Edition/plugins/com.anylogic.graphics3d_8.8.6.202312140457/static/libs/ColladaLoader.js (3660)
[0112/190354.089:INFO:CONSOLE(255)] "Loaded: file:C:/Users/ensar/Desktop/modelling/hairsalon/3d/bottle_7.dae", source: file:///C:/Program%20Files/AnyLogic%208.8%20Personal%20Learning%20Edition/plugins/com.anylogic.graphics3d_8.8.6.202312140457/static/init.js (255)
[0112/190354.089:INFO:CONSOLE(271)] "load end: file:C:/Users/ensar/Desktop/modelling/hairsalon/3d/bottle_7.dae", source: file:///C:/Program%20Files/AnyLogic%208.8%20Personal%20Learning%20Edition/plugins/com.anylogic.graphics3d_8.8.6.202312140457/static/init.js (271)
[0112/190354.109:INFO:CONSOLE(3660)] "THREE.ColladaLoader: File version 1.4.0", source: file:///C:/Program%20Files/AnyLogic%208.8%20Personal%20Learning%20Edition/plugins/com.anylogic.graphics3d_8.8.6.202312140457/static/libs/ColladaLoader.js (3660)
[0112/190354.111:INFO:CONSOLE(255)] "Loaded: file:C:/Users/ensar/Desktop/modelling/hairsalon/3d/bottle_5.dae", source: file:///C:/Program%20Files/AnyLogic%208.8%20Personal%20Learning%20Edition/plugins/com.anylogic.graphics3d_8.8.6.202312140457/static/init.js (255)
[0112/190354.111:INFO:CONSOLE(271)] "load end: file:C:/Users/ensar/Desktop/modelling/hairsalon/3d/bottle_5.dae", source: file:///C:/Program%20Files/AnyLogic%208.8%20Personal%20Learning%20Edition/plugins/com.anylogic.graphics3d_8.8.6.202312140457/static/init.js (271)
[0112/190354.130:INFO:CONSOLE(3660)] "THREE.ColladaLoader: File version 1.4.0", source: file:///C:/Program%20Files/AnyLogic%208.8%20Personal%20Learning%20Edition/plugins/com.anylogic.graphics3d_8.8.6.202312140457/static/libs/ColladaLoader.js (3660)
[0112/190354.132:INFO:CONSOLE(255)] "Loaded: file:C:/Users/ensar/Desktop/modelling/hairsalon/3d/bottle_3.dae", source: file:///C:/Program%20Files/AnyLogic%208.8%20Personal%20Learning%20Edition/plugins/com.anylogic.graphics3d_8.8.6.202312140457/static/init.js (255)
[0112/190354.132:INFO:CONSOLE(271)] "load end: file:C:/Users/ensar/Desktop/modelling/hairsalon/3d/bottle_3.dae", source: file:///C:/Program%20Files/AnyLogic%208.8%20Personal%20Learning%20Edition/plugins/com.anylogic.graphics3d_8.8.6.202312140457/static/init.js (271)
[0112/190354.150:INFO:CONSOLE(3660)] "THREE.ColladaLoader: File version 1.4.0", source: file:///C:/Program%20Files/AnyLogic%208.8%20Personal%20Learning%20Edition/plugins/com.anylogic.graphics3d_8.8.6.202312140457/static/libs/ColladaLoader.js (3660)
[0112/190354.151:INFO:CONSOLE(255)] "Loaded: file:C:/Users/ensar/Desktop/modelling/hairsalon/3d/bottle_2.dae", source: file:///C:/Program%20Files/AnyLogic%208.8%20Personal%20Learning%20Edition/plugins/com.anylogic.graphics3d_8.8.6.202312140457/static/init.js (255)
[0112/190354.151:INFO:CONSOLE(271)] "load end: file:C:/Users/ensar/Desktop/modelling/hairsalon/3d/bottle_2.dae", source: file:///C:/Program%20Files/AnyLogic%208.8%20Personal%20Learning%20Edition/plugins/com.anylogic.graphics3d_8.8.6.202312140457/static/init.js (271)
[0112/190354.171:INFO:CONSOLE(3660)] "THREE.ColladaLoader: File version 1.4.0", source: file:///C:/Program%20Files/AnyLogic%208.8%20Personal%20Learning%20Edition/plugins/com.anylogic.graphics3d_8.8.6.202312140457/static/libs/ColladaLoader.js (3660)
[0112/190354.174:INFO:CONSOLE(255)] "Loaded: file:C:/Users/ensar/Desktop/modelling/hairsalon/3d/bottle_1.dae", source: file:///C:/Program%20Files/AnyLogic%208.8%20Personal%20Learning%20Edition/plugins/com.anylogic.graphics3d_8.8.6.202312140457/static/init.js (255)
[0112/190354.174:INFO:CONSOLE(271)] "load end: file:C:/Users/ensar/Desktop/modelling/hairsalon/3d/bottle_1.dae", source: file:///C:/Program%20Files/AnyLogic%208.8%20Personal%20Learning%20Edition/plugins/com.anylogic.graphics3d_8.8.6.202312140457/static/init.js (271)
[0112/190354.206:INFO:CONSOLE(3660)] "THREE.ColladaLoader: File version 1.4.0", source: file:///C:/Program%20Files/AnyLogic%208.8%20Personal%20Learning%20Edition/plugins/com.anylogic.graphics3d_8.8.6.202312140457/static/libs/ColladaLoader.js (3660)
[0112/190354.215:INFO:CONSOLE(255)] "Loaded: file:C:/Users/ensar/Desktop/modelling/hairsalon/3d/security_camera.dae", source: file:///C:/Program%20Files/AnyLogic%208.8%20Personal%20Learning%20Edition/plugins/com.anylogic.graphics3d_8.8.6.202312140457/static/init.js (255)
[0112/190354.215:INFO:CONSOLE(271)] "load end: file:C:/Users/ensar/Desktop/modelling/hairsalon/3d/security_camera.dae", source: file:///C:/Program%20Files/AnyLogic%208.8%20Personal%20Learning%20Edition/plugins/com.anylogic.graphics3d_8.8.6.202312140457/static/init.js (271)
[0112/190354.307:INFO:CONSOLE(3660)] "THREE.ColladaLoader: File version 1.4.0", source: file:///C:/Program%20Files/AnyLogic%208.8%20Personal%20Learning%20Edition/plugins/com.anylogic.graphics3d_8.8.6.202312140457/static/libs/ColladaLoader.js (3660)
[0112/190354.312:INFO:CONSOLE(255)] "Loaded: file:C:/Users/ensar/Desktop/modelling/hairsalon/3d/door.dae", source: file:///C:/Program%20Files/AnyLogic%208.8%20Personal%20Learning%20Edition/plugins/com.anylogic.graphics3d_8.8.6.202312140457/static/init.js (255)
[0112/190354.312:INFO:CONSOLE(271)] "load end: file:C:/Users/ensar/Desktop/modelling/hairsalon/3d/door.dae", source: file:///C:/Program%20Files/AnyLogic%208.8%20Personal%20Learning%20Edition/plugins/com.anylogic.graphics3d_8.8.6.202312140457/static/init.js (271)
[0112/190354.356:INFO:CONSOLE(3660)] "THREE.ColladaLoader: File version 1.4.0", source: file:///C:/Program%20Files/AnyLogic%208.8%20Personal%20Learning%20Edition/plugins/com.anylogic.graphics3d_8.8.6.202312140457/static/libs/ColladaLoader.js (3660)
[0112/190354.358:INFO:CONSOLE(255)] "Loaded: file:C:/Users/ensar/Desktop/modelling/hairsalon/3d/monitor_on.dae", source: file:///C:/Program%20Files/AnyLogic%208.8%20Personal%20Learning%20Edition/plugins/com.anylogic.graphics3d_8.8.6.202312140457/static/init.js (255)
[0112/190354.358:INFO:CONSOLE(271)] "load end: file:C:/Users/ensar/Desktop/modelling/hairsalon/3d/monitor_on.dae", source: file:///C:/Program%20Files/AnyLogic%208.8%20Personal%20Learning%20Edition/plugins/com.anylogic.graphics3d_8.8.6.202312140457/static/init.js (271)
[0112/190407.216:INFO:CONSOLE(3660)] "THREE.ColladaLoader: File version 1.4.0", source: file:///C:/Program%20Files/AnyLogic%208.8%20Personal%20Learning%20Edition/plugins/com.anylogic.graphics3d_8.8.6.202312140457/static/libs/ColladaLoader.js (3660)
[0112/190407.232:INFO:CONSOLE(255)] "Loaded: file:C:/Users/ensar/Desktop/modelling/hairsalon/3d/boy.dae", source: file:///C:/Program%20Files/AnyLogic%208.8%20Personal%20Learning%20Edition/plugins/com.anylogic.graphics3d_8.8.6.202312140457/static/init.js (255)
[0112/190407.233:INFO:CONSOLE(271)] "load end: file:C:/Users/ensar/Desktop/modelling/hairsalon/3d/boy.dae", source: file:///C:/Program%20Files/AnyLogic%208.8%20Personal%20Learning%20Edition/plugins/com.anylogic.graphics3d_8.8.6.202312140457/static/init.js (271)
[0112/190407.408:INFO:CONSOLE(3660)] "THREE.ColladaLoader: File version 1.4.0", source: file:///C:/Program%20Files/AnyLogic%208.8%20Personal%20Learning%20Edition/plugins/com.anylogic.graphics3d_8.8.6.202312140457/static/libs/ColladaLoader.js (3660)
[0112/190407.421:INFO:CONSOLE(255)] "Loaded: file:C:/Users/ensar/Desktop/modelling/hairsalon/3d/person.dae", source: file:///C:/Program%20Files/AnyLogic%208.8%20Personal%20Learning%20Edition/plugins/com.anylogic.graphics3d_8.8.6.202312140457/static/init.js (255)
[0112/190407.421:INFO:CONSOLE(271)] "load end: file:C:/Users/ensar/Desktop/modelling/hairsalon/3d/person.dae", source: file:///C:/Program%20Files/AnyLogic%208.8%20Personal%20Learning%20Edition/plugins/com.anylogic.graphics3d_8.8.6.202312140457/static/init.js (271)
[0112/190408.198:INFO:CONSOLE(3660)] "THREE.ColladaLoader: File version 1.4.0", source: file:///C:/Program%20Files/AnyLogic%208.8%20Personal%20Learning%20Edition/plugins/com.anylogic.graphics3d_8.8.6.202312140457/static/libs/ColladaLoader.js (3660)
[0112/190408.218:INFO:CONSOLE(255)] "Loaded: file:C:/Users/ensar/Desktop/modelling/hairsalon/3d/officer.dae", source: file:///C:/Program%20Files/AnyLogic%208.8%20Personal%20Learning%20Edition/plugins/com.anylogic.graphics3d_8.8.6.202312140457/static/init.js (255)
[0112/190408.218:INFO:CONSOLE(271)] "load end: file:C:/Users/ensar/Desktop/modelling/hairsalon/3d/officer.dae", source: file:///C:/Program%20Files/AnyLogic%208.8%20Personal%20Learning%20Edition/plugins/com.anylogic.graphics3d_8.8.6.202312140457/static/init.js (271)
[0112/190551.900:ERROR:gpu_init.cc(523)] Passthrough is not supported, GL is disabled, ANGLE is 
[0112/193013.684:INFO:CONSOLE(21172)] "THREE.WebGLRenderer 92", source: file:///C:/Program%20Files/AnyLogic%208.8%20Personal%20Learning%20Edition/plugins/com.anylogic.graphics3d_8.8.6.202312140457/static/build/three.js (21172)
[0112/193014.630:INFO:CONSOLE(3660)] "THREE.ColladaLoader: File version 1.4.0", source: file:///C:/Program%20Files/AnyLogic%208.8%20Personal%20Learning%20Edition/plugins/com.anylogic.graphics3d_8.8.6.202312140457/static/libs/ColladaLoader.js (3660)
[0112/193014.650:INFO:CONSOLE(255)] "Loaded: file:C:/Users/ensar/Desktop/modelling/hairsalon/3d/person.dae", source: file:///C:/Program%20Files/AnyLogic%208.8%20Personal%20Learning%20Edition/plugins/com.anylogic.graphics3d_8.8.6.202312140457/static/init.js (255)
[0112/193014.651:INFO:CONSOLE(271)] "load end: file:C:/Users/ensar/Desktop/modelling/hairsalon/3d/person.dae", source: file:///C:/Program%20Files/AnyLogic%208.8%20Personal%20Learning%20Edition/plugins/com.anylogic.graphics3d_8.8.6.202312140457/static/init.js (271)
[0112/193114.543:INFO:CONSOLE(3660)] "THREE.ColladaLoader: File version 1.4.0", source: file:///C:/Program%20Files/AnyLogic%208.8%20Personal%20Learning%20Edition/plugins/com.anylogic.graphics3d_8.8.6.202312140457/static/libs/ColladaLoader.js (3660)
[0112/193114.562:INFO:CONSOLE(255)] "Loaded: file:C:/Users/ensar/Desktop/modelling/hairsalon/3d/boy.dae", source: file:///C:/Program%20Files/AnyLogic%208.8%20Personal%20Learning%20Edition/plugins/com.anylogic.graphics3d_8.8.6.202312140457/static/init.js (255)
[0112/193114.562:INFO:CONSOLE(271)] "load end: file:C:/Users/ensar/Desktop/modelling/hairsalon/3d/boy.dae", source: file:///C:/Program%20Files/AnyLogic%208.8%20Personal%20Learning%20Edition/plugins/com.anylogic.graphics3d_8.8.6.202312140457/static/init.js (271)
[0112/193212.707:ERROR:gpu_init.cc(523)] Passthrough is not supported, GL is disabled, ANGLE is 
[0112/193240.381:INFO:CONSOLE(3660)] "THREE.ColladaLoader: File version 1.4.0", source: file:///C:/Program%20Files/AnyLogic%208.8%20Personal%20Learning%20Edition/plugins/com.anylogic.graphics3d_8.8.6.202312140457/static/libs/ColladaLoader.js (3660)
[0112/193240.393:INFO:CONSOLE(255)] "Loaded: file:C:/Users/ensar/Desktop/modelling/hairsalon/3d/officer.dae", source: file:///C:/Program%20Files/AnyLogic%208.8%20Personal%20Learning%20Edition/plugins/com.anylogic.graphics3d_8.8.6.202312140457/static/init.js (255)
[0112/193240.394:INFO:CONSOLE(271)] "load end: file:C:/Users/ensar/Desktop/modelling/hairsalon/3d/officer.dae", source: file:///C:/Program%20Files/AnyLogic%208.8%20Personal%20Learning%20Edition/plugins/com.anylogic.graphics3d_8.8.6.202312140457/static/init.js (271)
[0112/203407.648:INFO:CONSOLE(21172)] "THREE.WebGLRenderer 92", source: file:///C:/Program%20Files/AnyLogic%208.8%20Personal%20Learning%20Edition/plugins/com.anylogic.graphics3d_8.8.6.202312140457/static/build/three.js (21172)
[0112/203408.533:INFO:CONSOLE(3660)] "THREE.ColladaLoader: File version 1.4.0", source: file:///C:/Program%20Files/AnyLogic%208.8%20Personal%20Learning%20Edition/plugins/com.anylogic.graphics3d_8.8.6.202312140457/static/libs/ColladaLoader.js (3660)
[0112/203408.538:INFO:CONSOLE(255)] "Loaded: file:C:/Users/ensar/Desktop/modelling/hairsalon/3d/chair.dae", source: file:///C:/Program%20Files/AnyLogic%208.8%20Personal%20Learning%20Edition/plugins/com.anylogic.graphics3d_8.8.6.202312140457/static/init.js (255)
[0112/203408.538:INFO:CONSOLE(271)] "load end: file:C:/Users/ensar/Desktop/modelling/hairsalon/3d/chair.dae", source: file:///C:/Program%20Files/AnyLogic%208.8%20Personal%20Learning%20Edition/plugins/com.anylogic.graphics3d_8.8.6.202312140457/static/init.js (271)
[0112/203607.131:ERROR:gpu_init.cc(523)] Passthrough is not supported, GL is disabled, ANGLE is 
