[0113/153037.241:INFO:CONSOLE(21172)] "THREE.WebGLRenderer 92", source: file:///C:/Program%20Files/AnyLogic%208.8%20Personal%20Learning%20Edition/plugins/com.anylogic.graphics3d_8.8.6.202312140457/static/build/three.js (21172)
[0113/153038.019:INFO:CONSOLE(3660)] "THREE.ColladaLoader: File version 1.4.0", source: file:///C:/Program%20Files/AnyLogic%208.8%20Personal%20Learning%20Edition/plugins/com.anylogic.graphics3d_8.8.6.202312140457/static/libs/ColladaLoader.js (3660)
[0113/153038.031:INFO:CONSOLE(255)] "Loaded: file:C:/Users/ensar/Desktop/modelling/hairsalon1/3d/reseption_2.dae", source: file:///C:/Program%20Files/AnyLogic%208.8%20Personal%20Learning%20Edition/plugins/com.anylogic.graphics3d_8.8.6.202312140457/static/init.js (255)
[0113/153038.031:INFO:CONSOLE(271)] "load end: file:C:/Users/ensar/Desktop/modelling/hairsalon1/3d/reseption_2.dae", source: file:///C:/Program%20Files/AnyLogic%208.8%20Personal%20Learning%20Edition/plugins/com.anylogic.graphics3d_8.8.6.202312140457/static/init.js (271)
[0113/153038.149:INFO:CONSOLE(3660)] "THREE.ColladaLoader: File version 1.4.0", source: file:///C:/Program%20Files/AnyLogic%208.8%20Personal%20Learning%20Edition/plugins/com.anylogic.graphics3d_8.8.6.202312140457/static/libs/ColladaLoader.js (3660)
[0113/153038.154:INFO:CONSOLE(255)] "Loaded: file:C:/Users/ensar/Desktop/modelling/hairsalon1/3d/chair.dae", source: file:///C:/Program%20Files/AnyLogic%208.8%20Personal%20Learning%20Edition/plugins/com.anylogic.graphics3d_8.8.6.202312140457/static/init.js (255)
[0113/153038.154:INFO:CONSOLE(271)] "load end: file:C:/Users/ensar/Desktop/modelling/hairsalon1/3d/chair.dae", source: file:///C:/Program%20Files/AnyLogic%208.8%20Personal%20Learning%20Edition/plugins/com.anylogic.graphics3d_8.8.6.202312140457/static/init.js (271)
[0113/153038.179:INFO:CONSOLE(3660)] "THREE.ColladaLoader: File version 1.4.0", source: file:///C:/Program%20Files/AnyLogic%208.8%20Personal%20Learning%20Edition/plugins/com.anylogic.graphics3d_8.8.6.202312140457/static/libs/ColladaLoader.js (3660)
[0113/153038.185:INFO:CONSOLE(255)] "Loaded: file:C:/Users/ensar/Desktop/modelling/hairsalon1/3d/officeworker.dae", source: file:///C:/Program%20Files/AnyLogic%208.8%20Personal%20Learning%20Edition/plugins/com.anylogic.graphics3d_8.8.6.202312140457/static/init.js (255)
[0113/153038.185:INFO:CONSOLE(271)] "load end: file:C:/Users/ensar/Desktop/modelling/hairsalon1/3d/officeworker.dae", source: file:///C:/Program%20Files/AnyLogic%208.8%20Personal%20Learning%20Edition/plugins/com.anylogic.graphics3d_8.8.6.202312140457/static/init.js (271)
[0113/153038.209:INFO:CONSOLE(3660)] "THREE.ColladaLoader: File version 1.4.0", source: file:///C:/Program%20Files/AnyLogic%208.8%20Personal%20Learning%20Edition/plugins/com.anylogic.graphics3d_8.8.6.202312140457/static/libs/ColladaLoader.js (3660)
[0113/153038.211:INFO:CONSOLE(255)] "Loaded: file:C:/Users/ensar/Desktop/modelling/hairsalon1/3d/keyboard.dae", source: file:///C:/Program%20Files/AnyLogic%208.8%20Personal%20Learning%20Edition/plugins/com.anylogic.graphics3d_8.8.6.202312140457/static/init.js (255)
[0113/153038.211:INFO:CONSOLE(271)] "load end: file:C:/Users/ensar/Desktop/modelling/hairsalon1/3d/keyboard.dae", source: file:///C:/Program%20Files/AnyLogic%208.8%20Personal%20Learning%20Edition/plugins/com.anylogic.graphics3d_8.8.6.202312140457/static/init.js (271)
[0113/153038.234:INFO:CONSOLE(3660)] "THREE.ColladaLoader: File version 1.4.0", source: file:///C:/Program%20Files/AnyLogic%208.8%20Personal%20Learning%20Edition/plugins/com.anylogic.graphics3d_8.8.6.202312140457/static/libs/ColladaLoader.js (3660)
[0113/153038.237:INFO:CONSOLE(255)] "Loaded: file:C:/Users/ensar/Desktop/modelling/hairsalon1/3d/phone.dae", source: file:///C:/Program%20Files/AnyLogic%208.8%20Personal%20Learning%20Edition/plugins/com.anylogic.graphics3d_8.8.6.202312140457/static/init.js (255)
[0113/153038.237:INFO:CONSOLE(271)] "load end: file:C:/Users/ensar/Desktop/modelling/hairsalon1/3d/phone.dae", source: file:///C:/Program%20Files/AnyLogic%208.8%20Personal%20Learning%20Edition/plugins/com.anylogic.graphics3d_8.8.6.202312140457/static/init.js (271)
[0113/153038.259:INFO:CONSOLE(3660)] "THREE.ColladaLoader: File version 1.4.0", source: file:///C:/Program%20Files/AnyLogic%208.8%20Personal%20Learning%20Edition/plugins/com.anylogic.graphics3d_8.8.6.202312140457/static/libs/ColladaLoader.js (3660)
[0113/153038.261:INFO:CONSOLE(255)] "Loaded: file:C:/Users/ensar/Desktop/modelling/hairsalon1/3d/computer_on.dae", source: file:///C:/Program%20Files/AnyLogic%208.8%20Personal%20Learning%20Edition/plugins/com.anylogic.graphics3d_8.8.6.202312140457/static/init.js (255)
[0113/153038.262:INFO:CONSOLE(271)] "load end: file:C:/Users/ensar/Desktop/modelling/hairsalon1/3d/computer_on.dae", source: file:///C:/Program%20Files/AnyLogic%208.8%20Personal%20Learning%20Edition/plugins/com.anylogic.graphics3d_8.8.6.202312140457/static/init.js (271)
[0113/153038.286:INFO:CONSOLE(3660)] "THREE.ColladaLoader: File version 1.4.0", source: file:///C:/Program%20Files/AnyLogic%208.8%20Personal%20Learning%20Edition/plugins/com.anylogic.graphics3d_8.8.6.202312140457/static/libs/ColladaLoader.js (3660)
[0113/153038.287:INFO:CONSOLE(255)] "Loaded: file:C:/Users/ensar/Desktop/modelling/hairsalon1/3d/couch_2.dae", source: file:///C:/Program%20Files/AnyLogic%208.8%20Personal%20Learning%20Edition/plugins/com.anylogic.graphics3d_8.8.6.202312140457/static/init.js (255)
[0113/153038.287:INFO:CONSOLE(271)] "load end: file:C:/Users/ensar/Desktop/modelling/hairsalon1/3d/couch_2.dae", source: file:///C:/Program%20Files/AnyLogic%208.8%20Personal%20Learning%20Edition/plugins/com.anylogic.graphics3d_8.8.6.202312140457/static/init.js (271)
[0113/153038.310:INFO:CONSOLE(3660)] "THREE.ColladaLoader: File version 1.4.0", source: file:///C:/Program%20Files/AnyLogic%208.8%20Personal%20Learning%20Edition/plugins/com.anylogic.graphics3d_8.8.6.202312140457/static/libs/ColladaLoader.js (3660)
[0113/153038.311:INFO:CONSOLE(255)] "Loaded: file:C:/Users/ensar/Desktop/modelling/hairsalon1/3d/couch_1.dae", source: file:///C:/Program%20Files/AnyLogic%208.8%20Personal%20Learning%20Edition/plugins/com.anylogic.graphics3d_8.8.6.202312140457/static/init.js (255)
[0113/153038.311:INFO:CONSOLE(271)] "load end: file:C:/Users/ensar/Desktop/modelling/hairsalon1/3d/couch_1.dae", source: file:///C:/Program%20Files/AnyLogic%208.8%20Personal%20Learning%20Edition/plugins/com.anylogic.graphics3d_8.8.6.202312140457/static/init.js (271)
[0113/153038.336:INFO:CONSOLE(3660)] "THREE.ColladaLoader: File version 1.4.0", source: file:///C:/Program%20Files/AnyLogic%208.8%20Personal%20Learning%20Edition/plugins/com.anylogic.graphics3d_8.8.6.202312140457/static/libs/ColladaLoader.js (3660)
[0113/153038.339:INFO:CONSOLE(255)] "Loaded: file:C:/Users/ensar/Desktop/modelling/hairsalon1/3d/table_2.dae", source: file:///C:/Program%20Files/AnyLogic%208.8%20Personal%20Learning%20Edition/plugins/com.anylogic.graphics3d_8.8.6.202312140457/static/init.js (255)
[0113/153038.339:INFO:CONSOLE(271)] "load end: file:C:/Users/ensar/Desktop/modelling/hairsalon1/3d/table_2.dae", source: file:///C:/Program%20Files/AnyLogic%208.8%20Personal%20Learning%20Edition/plugins/com.anylogic.graphics3d_8.8.6.202312140457/static/init.js (271)
[0113/153038.368:INFO:CONSOLE(3660)] "THREE.ColladaLoader: File version 1.4.0", source: file:///C:/Program%20Files/AnyLogic%208.8%20Personal%20Learning%20Edition/plugins/com.anylogic.graphics3d_8.8.6.202312140457/static/libs/ColladaLoader.js (3660)
[0113/153038.369:INFO:CONSOLE(255)] "Loaded: file:C:/Users/ensar/Desktop/modelling/hairsalon1/3d/bottle_7.dae", source: file:///C:/Program%20Files/AnyLogic%208.8%20Personal%20Learning%20Edition/plugins/com.anylogic.graphics3d_8.8.6.202312140457/static/init.js (255)
[0113/153038.370:INFO:CONSOLE(271)] "load end: file:C:/Users/ensar/Desktop/modelling/hairsalon1/3d/bottle_7.dae", source: file:///C:/Program%20Files/AnyLogic%208.8%20Personal%20Learning%20Edition/plugins/com.anylogic.graphics3d_8.8.6.202312140457/static/init.js (271)
[0113/153038.389:INFO:CONSOLE(3660)] "THREE.ColladaLoader: File version 1.4.0", source: file:///C:/Program%20Files/AnyLogic%208.8%20Personal%20Learning%20Edition/plugins/com.anylogic.graphics3d_8.8.6.202312140457/static/libs/ColladaLoader.js (3660)
[0113/153038.391:INFO:CONSOLE(255)] "Loaded: file:C:/Users/ensar/Desktop/modelling/hairsalon1/3d/bottle_5.dae", source: file:///C:/Program%20Files/AnyLogic%208.8%20Personal%20Learning%20Edition/plugins/com.anylogic.graphics3d_8.8.6.202312140457/static/init.js (255)
[0113/153038.391:INFO:CONSOLE(271)] "load end: file:C:/Users/ensar/Desktop/modelling/hairsalon1/3d/bottle_5.dae", source: file:///C:/Program%20Files/AnyLogic%208.8%20Personal%20Learning%20Edition/plugins/com.anylogic.graphics3d_8.8.6.202312140457/static/init.js (271)
[0113/153038.410:INFO:CONSOLE(3660)] "THREE.ColladaLoader: File version 1.4.0", source: file:///C:/Program%20Files/AnyLogic%208.8%20Personal%20Learning%20Edition/plugins/com.anylogic.graphics3d_8.8.6.202312140457/static/libs/ColladaLoader.js (3660)
[0113/153038.412:INFO:CONSOLE(255)] "Loaded: file:C:/Users/ensar/Desktop/modelling/hairsalon1/3d/bottle_3.dae", source: file:///C:/Program%20Files/AnyLogic%208.8%20Personal%20Learning%20Edition/plugins/com.anylogic.graphics3d_8.8.6.202312140457/static/init.js (255)
[0113/153038.412:INFO:CONSOLE(271)] "load end: file:C:/Users/ensar/Desktop/modelling/hairsalon1/3d/bottle_3.dae", source: file:///C:/Program%20Files/AnyLogic%208.8%20Personal%20Learning%20Edition/plugins/com.anylogic.graphics3d_8.8.6.202312140457/static/init.js (271)
[0113/153038.430:INFO:CONSOLE(3660)] "THREE.ColladaLoader: File version 1.4.0", source: file:///C:/Program%20Files/AnyLogic%208.8%20Personal%20Learning%20Edition/plugins/com.anylogic.graphics3d_8.8.6.202312140457/static/libs/ColladaLoader.js (3660)
[0113/153038.432:INFO:CONSOLE(255)] "Loaded: file:C:/Users/ensar/Desktop/modelling/hairsalon1/3d/bottle_2.dae", source: file:///C:/Program%20Files/AnyLogic%208.8%20Personal%20Learning%20Edition/plugins/com.anylogic.graphics3d_8.8.6.202312140457/static/init.js (255)
[0113/153038.432:INFO:CONSOLE(271)] "load end: file:C:/Users/ensar/Desktop/modelling/hairsalon1/3d/bottle_2.dae", source: file:///C:/Program%20Files/AnyLogic%208.8%20Personal%20Learning%20Edition/plugins/com.anylogic.graphics3d_8.8.6.202312140457/static/init.js (271)
[0113/153038.450:INFO:CONSOLE(3660)] "THREE.ColladaLoader: File version 1.4.0", source: file:///C:/Program%20Files/AnyLogic%208.8%20Personal%20Learning%20Edition/plugins/com.anylogic.graphics3d_8.8.6.202312140457/static/libs/ColladaLoader.js (3660)
[0113/153038.453:INFO:CONSOLE(255)] "Loaded: file:C:/Users/ensar/Desktop/modelling/hairsalon1/3d/bottle_1.dae", source: file:///C:/Program%20Files/AnyLogic%208.8%20Personal%20Learning%20Edition/plugins/com.anylogic.graphics3d_8.8.6.202312140457/static/init.js (255)
[0113/153038.453:INFO:CONSOLE(271)] "load end: file:C:/Users/ensar/Desktop/modelling/hairsalon1/3d/bottle_1.dae", source: file:///C:/Program%20Files/AnyLogic%208.8%20Personal%20Learning%20Edition/plugins/com.anylogic.graphics3d_8.8.6.202312140457/static/init.js (271)
[0113/153038.479:INFO:CONSOLE(3660)] "THREE.ColladaLoader: File version 1.4.0", source: file:///C:/Program%20Files/AnyLogic%208.8%20Personal%20Learning%20Edition/plugins/com.anylogic.graphics3d_8.8.6.202312140457/static/libs/ColladaLoader.js (3660)
[0113/153038.484:INFO:CONSOLE(255)] "Loaded: file:C:/Users/ensar/Desktop/modelling/hairsalon1/3d/security_camera.dae", source: file:///C:/Program%20Files/AnyLogic%208.8%20Personal%20Learning%20Edition/plugins/com.anylogic.graphics3d_8.8.6.202312140457/static/init.js (255)
[0113/153038.485:INFO:CONSOLE(271)] "load end: file:C:/Users/ensar/Desktop/modelling/hairsalon1/3d/security_camera.dae", source: file:///C:/Program%20Files/AnyLogic%208.8%20Personal%20Learning%20Edition/plugins/com.anylogic.graphics3d_8.8.6.202312140457/static/init.js (271)
[0113/153038.534:INFO:CONSOLE(3660)] "THREE.ColladaLoader: File version 1.4.0", source: file:///C:/Program%20Files/AnyLogic%208.8%20Personal%20Learning%20Edition/plugins/com.anylogic.graphics3d_8.8.6.202312140457/static/libs/ColladaLoader.js (3660)
[0113/153038.541:INFO:CONSOLE(255)] "Loaded: file:C:/Users/ensar/Desktop/modelling/hairsalon1/3d/door.dae", source: file:///C:/Program%20Files/AnyLogic%208.8%20Personal%20Learning%20Edition/plugins/com.anylogic.graphics3d_8.8.6.202312140457/static/init.js (255)
[0113/153038.541:INFO:CONSOLE(271)] "load end: file:C:/Users/ensar/Desktop/modelling/hairsalon1/3d/door.dae", source: file:///C:/Program%20Files/AnyLogic%208.8%20Personal%20Learning%20Edition/plugins/com.anylogic.graphics3d_8.8.6.202312140457/static/init.js (271)
[0113/153038.581:INFO:CONSOLE(3660)] "THREE.ColladaLoader: File version 1.4.0", source: file:///C:/Program%20Files/AnyLogic%208.8%20Personal%20Learning%20Edition/plugins/com.anylogic.graphics3d_8.8.6.202312140457/static/libs/ColladaLoader.js (3660)
[0113/153038.582:INFO:CONSOLE(255)] "Loaded: file:C:/Users/ensar/Desktop/modelling/hairsalon1/3d/monitor_on.dae", source: file:///C:/Program%20Files/AnyLogic%208.8%20Personal%20Learning%20Edition/plugins/com.anylogic.graphics3d_8.8.6.202312140457/static/init.js (255)
[0113/153038.582:INFO:CONSOLE(271)] "load end: file:C:/Users/ensar/Desktop/modelling/hairsalon1/3d/monitor_on.dae", source: file:///C:/Program%20Files/AnyLogic%208.8%20Personal%20Learning%20Edition/plugins/com.anylogic.graphics3d_8.8.6.202312140457/static/init.js (271)
